<?xml version="1.0" encoding="UTF-8"?>
<testng-results skipped="0" failed="0" ignored="0" total="1" passed="1">
  <reporter-output>
  </reporter-output>
  <suite name="Default suite" duration-ms="9462" started-at="2018-10-29T10:10:31Z" finished-at="2018-10-29T10:10:40Z">
    <groups>
    </groups>
    <test name="Default test" duration-ms="9462" started-at="2018-10-29T10:10:31Z" finished-at="2018-10-29T10:10:40Z">
      <class name="SeleniumException.SearchGoogle">
        <test-method status="PASS" signature="testSearch()[pri:0, instance:SeleniumException.SearchGoogle@6500df86]" name="testSearch" duration-ms="9413" started-at="2018-10-29T10:10:31Z" finished-at="2018-10-29T10:10:40Z">
          <reporter-output>
          </reporter-output>
        </test-method> <!-- testSearch -->
      </class> <!-- SeleniumException.SearchGoogle -->
    </test> <!-- Default test -->
  </suite> <!-- Default suite -->
</testng-results>
